[2021-09-10 16:29:46,280]:[cw2] [ERROR] EXCEPTION: ./slurm/DeepMindBallInCupDenseProMP-v2/log/rep_02
Traceback (most recent call last):
  File "/home/i53/student/yuhe_gong/MasterThesis/src/cw2/cw2/job.py", line 84, in run_task
    self.exp.run(c, r, self.logger)
  File "/home/i53/student/yuhe_gong/MasterThesis/src/cw2/cw2/experiment.py", line 79, in run
    res = self.iterate(cw_config, rep, n)
  File "cw2cmaes/cmaes_cw2.py", line 65, in iterate
    _, reward, __, ___ = self.env.step(solutions[i])
  File "/home/i53/student/yuhe_gong/MasterThesis/motion_primitive_env_api/mp_env_api/mp_wrappers/mp_wrapper.py", line 90, in step
    obs, rewards[t], done, info = self.env.step(actions[t, :])
  File "/home/i53/student/yuhe_gong/MasterThesis/src/alr-envs/alr_envs/dmc/ball_in_cup/version_2/ball_in_the_cup_mp_wrapper_dense.py", line 52, in step
    a, reward, done, d = super().step(action)
  File "/home/i53/student/yuhe_gong/miniconda3/envs/SimulationFramework/lib/python3.6/site-packages/gym/core.py", line 268, in step
    observation, reward, done, info = self.env.step(action)
  File "/home/i53/student/yuhe_gong/miniconda3/envs/SimulationFramework/lib/python3.6/site-packages/gym/wrappers/time_limit.py", line 16, in step
    observation, reward, done, info = self.env.step(action)
  File "/home/i53/student/yuhe_gong/MasterThesis/src/alr-envs/alr_envs/utils/dmc2gym_wrapper.py", line 160, in step
    time_step = self._env.step(action)
  File "/home/i53/student/yuhe_gong/miniconda3/envs/SimulationFramework/lib/python3.6/site-packages/dm_control/rl/control.py", line 103, in step
    self._task.after_step(self._physics)
  File "/home/i53/student/yuhe_gong/miniconda3/envs/SimulationFramework/lib/python3.6/site-packages/dm_control/suite/base.py", line 82, in after_step
    reward = np.clip(self.get_reward(physics), 0.0, 1.0)
  File "/home/i53/student/yuhe_gong/MasterThesis/src/alr-envs/alr_envs/dmc/ball_in_cup/version_2/ball_in_the_cup_mp_wrapper_dense.py", line 78, in get_reward
    dist_final, dist = physics.ball_to_target()
  File "/home/i53/student/yuhe_gong/MasterThesis/src/alr-envs/alr_envs/dmc/ball_in_cup/version_2/ball_in_the_cup_mp_wrapper_dense.py", line 94, in ball_to_target
    ball = self.env.physics.named.data.xpos['ball', ['x', 'z']]
  File "/home/i53/student/yuhe_gong/miniconda3/envs/SimulationFramework/lib/python3.6/site-packages/dm_control/mujoco/index.py", line 497, in __getitem__
    return self._field[self._convert_key(key)]
  File "/home/i53/student/yuhe_gong/miniconda3/envs/SimulationFramework/lib/python3.6/site-packages/dm_control/mujoco/index.py", line 472, in _convert_key
    return_tuple = isinstance(key, tuple)
KeyboardInterrupt
