[2021-09-10 16:21:34,745]:[cw2] [ERROR] EXCEPTION: ./slurm/DeepMindBallInCupDenseDMP-v1/log/rep_02
Traceback (most recent call last):
  File "/home/yre/anaconda3/envs/masterthesis/lib/python3.6/site-packages/cw2/job.py", line 84, in run_task
    self.exp.run(c, r, self.logger)
  File "/home/yre/anaconda3/envs/masterthesis/lib/python3.6/site-packages/cw2/experiment.py", line 79, in run
    res = self.iterate(cw_config, rep, n)
  File "cw2cmaes/cmaes_cw2.py", line 65, in iterate
    _, reward, __, ___ = self.env.step(solutions[i])
  File "/home/yre/Desktop/KIT/masterthesis/motion_primitive_env_api/mp_env_api/mp_wrappers/mp_wrapper.py", line 97, in step
    obs, rewards[t], done, info = self.env.step(actions[t, :])
  File "/home/yre/Desktop/KIT/masterthesis/Compare-Episodic-and-Step-based-Reinforcement-Learning/src/alr-envs/alr_envs/dmc/ball_in_cup/version_1/ball_in_the_cup_mp_wrapper_dense.py", line 60, in step
    a, reward, done, d = super().step(action)
  File "/home/yre/anaconda3/envs/masterthesis/lib/python3.6/site-packages/gym/core.py", line 268, in step
    observation, reward, done, info = self.env.step(action)
  File "/home/yre/anaconda3/envs/masterthesis/lib/python3.6/site-packages/gym/wrappers/time_limit.py", line 16, in step
    observation, reward, done, info = self.env.step(action)
  File "/home/yre/Desktop/KIT/masterthesis/Compare-Episodic-and-Step-based-Reinforcement-Learning/src/alr-envs/alr_envs/utils/dmc2gym_wrapper.py", line 160, in step
    time_step = self._env.step(action)
  File "/home/yre/anaconda3/envs/masterthesis/lib/python3.6/site-packages/dm_control/rl/control.py", line 112, in step
    self._physics.step()
  File "/home/yre/anaconda3/envs/masterthesis/lib/python3.6/site-packages/dm_control/mujoco/engine.py", line 166, in step
    mjlib.mj_step1(self.model.ptr, self.data.ptr)
KeyboardInterrupt
[2021-09-10 16:29:28,254]:[cw2] [ERROR] EXCEPTION: ./slurm/DeepMindBallInCupDenseDMP-v1/log/rep_02
Traceback (most recent call last):
  File "/home/i53/student/yuhe_gong/MasterThesis/src/cw2/cw2/job.py", line 84, in run_task
    self.exp.run(c, r, self.logger)
  File "/home/i53/student/yuhe_gong/MasterThesis/src/cw2/cw2/experiment.py", line 87, in run
    logger.process(res)
  File "/home/i53/student/yuhe_gong/MasterThesis/src/cw2/cw2/cw_data/cw_logging.py", line 106, in process
    logger.process(data)
  File "/home/i53/student/yuhe_gong/MasterThesis/src/cw2/cw2/cw_data/cw_pd_logger.py", line 31, in process
    self.df = self.df.append(data, ignore_index=True)
  File "/home/i53/student/yuhe_gong/miniconda3/envs/SimulationFramework/lib/python3.6/site-packages/pandas/core/frame.py", line 7726, in append
    other.reindex(combined_columns, copy=False)
  File "/home/i53/student/yuhe_gong/miniconda3/envs/SimulationFramework/lib/python3.6/site-packages/pandas/core/generic.py", line 5765, in infer_objects
    datetime=True, numeric=False, timedelta=True, coerce=False, copy=True
  File "/home/i53/student/yuhe_gong/miniconda3/envs/SimulationFramework/lib/python3.6/site-packages/pandas/core/internals/managers.py", line 620, in convert
    coerce=coerce,
  File "/home/i53/student/yuhe_gong/miniconda3/envs/SimulationFramework/lib/python3.6/site-packages/pandas/core/internals/managers.py", line 409, in apply
    applied = getattr(b, f)(**kwargs)
  File "/home/i53/student/yuhe_gong/miniconda3/envs/SimulationFramework/lib/python3.6/site-packages/pandas/core/internals/blocks.py", line 2442, in convert
    blocks = self.split_and_operate(None, f, False)
  File "/home/i53/student/yuhe_gong/miniconda3/envs/SimulationFramework/lib/python3.6/site-packages/pandas/core/internals/blocks.py", line 462, in split_and_operate
    block = make_a_block(nv, [ref_loc])
  File "/home/i53/student/yuhe_gong/miniconda3/envs/SimulationFramework/lib/python3.6/site-packages/pandas/core/internals/blocks.py", line 438, in make_a_block
    block = self.make_block(values=nv, placement=ref_loc)
  File "/home/i53/student/yuhe_gong/miniconda3/envs/SimulationFramework/lib/python3.6/site-packages/pandas/core/internals/blocks.py", line 254, in make_block
    return make_block(values, placement=placement, ndim=self.ndim)
  File "/home/i53/student/yuhe_gong/miniconda3/envs/SimulationFramework/lib/python3.6/site-packages/pandas/core/internals/blocks.py", line 2726, in make_block
    if isinstance(values, ABCPandasArray):
  File "/home/i53/student/yuhe_gong/miniconda3/envs/SimulationFramework/lib/python3.6/site-packages/pandas/core/dtypes/generic.py", line 12, in _check
    return getattr(inst, attr, "_typ") in comp
KeyboardInterrupt
