[2021-09-10 16:29:36,295]:[cw2] [ERROR] EXCEPTION: ./slurm/DeepMindBallInCupDenseProMP-v1/log/rep_04
Traceback (most recent call last):
  File "/home/i53/student/yuhe_gong/MasterThesis/src/cw2/cw2/job.py", line 84, in run_task
    self.exp.run(c, r, self.logger)
  File "/home/i53/student/yuhe_gong/MasterThesis/src/cw2/cw2/experiment.py", line 79, in run
    res = self.iterate(cw_config, rep, n)
  File "cw2cmaes/cmaes_cw2.py", line 65, in iterate
    _, reward, __, ___ = self.env.step(solutions[i])
  File "/home/i53/student/yuhe_gong/MasterThesis/motion_primitive_env_api/mp_env_api/mp_wrappers/mp_wrapper.py", line 90, in step
    obs, rewards[t], done, info = self.env.step(actions[t, :])
  File "/home/i53/student/yuhe_gong/MasterThesis/src/alr-envs/alr_envs/dmc/ball_in_cup/version_1/ball_in_the_cup_mp_wrapper_dense.py", line 60, in step
    a, reward, done, d = super().step(action)
  File "/home/i53/student/yuhe_gong/miniconda3/envs/SimulationFramework/lib/python3.6/site-packages/gym/core.py", line 268, in step
    observation, reward, done, info = self.env.step(action)
  File "/home/i53/student/yuhe_gong/miniconda3/envs/SimulationFramework/lib/python3.6/site-packages/gym/wrappers/time_limit.py", line 16, in step
    observation, reward, done, info = self.env.step(action)
  File "/home/i53/student/yuhe_gong/MasterThesis/src/alr-envs/alr_envs/utils/dmc2gym_wrapper.py", line 160, in step
    time_step = self._env.step(action)
  File "/home/i53/student/yuhe_gong/miniconda3/envs/SimulationFramework/lib/python3.6/site-packages/dm_control/rl/control.py", line 102, in step
    self._physics.step()
  File "/home/i53/student/yuhe_gong/miniconda3/envs/SimulationFramework/lib/python3.6/site-packages/dm_control/mujoco/engine.py", line 166, in step
    mjlib.mj_step1(self.model.ptr, self.data.ptr)
KeyboardInterrupt
