[2021-09-10 16:21:31,133]:[cw2] [ERROR] EXCEPTION: ./slurm/DeepMindBallInCupDenseDMP-v0/log/rep_03
Traceback (most recent call last):
  File "/home/yre/anaconda3/envs/masterthesis/lib/python3.6/site-packages/cw2/job.py", line 84, in run_task
    self.exp.run(c, r, self.logger)
  File "/home/yre/anaconda3/envs/masterthesis/lib/python3.6/site-packages/cw2/experiment.py", line 79, in run
    res = self.iterate(cw_config, rep, n)
  File "cw2cmaes/cmaes_cw2.py", line 65, in iterate
    _, reward, __, ___ = self.env.step(solutions[i])
  File "/home/yre/Desktop/KIT/masterthesis/motion_primitive_env_api/mp_env_api/mp_wrappers/mp_wrapper.py", line 97, in step
    obs, rewards[t], done, info = self.env.step(actions[t, :])
  File "/home/yre/Desktop/KIT/masterthesis/Compare-Episodic-and-Step-based-Reinforcement-Learning/src/alr-envs/alr_envs/dmc/ball_in_cup/ball_in_the_cup_mp_wrapper_dense.py", line 53, in step
    a, reward, done, d = super().step(action)
  File "/home/yre/anaconda3/envs/masterthesis/lib/python3.6/site-packages/gym/core.py", line 268, in step
    observation, reward, done, info = self.env.step(action)
  File "/home/yre/anaconda3/envs/masterthesis/lib/python3.6/site-packages/gym/wrappers/time_limit.py", line 16, in step
    observation, reward, done, info = self.env.step(action)
  File "/home/yre/Desktop/KIT/masterthesis/Compare-Episodic-and-Step-based-Reinforcement-Learning/src/alr-envs/alr_envs/utils/dmc2gym_wrapper.py", line 160, in step
    time_step = self._env.step(action)
  File "/home/yre/anaconda3/envs/masterthesis/lib/python3.6/site-packages/dm_control/rl/control.py", line 112, in step
    self._physics.step()
  File "/home/yre/anaconda3/envs/masterthesis/lib/python3.6/site-packages/dm_control/mujoco/engine.py", line 166, in step
    mjlib.mj_step1(self.model.ptr, self.data.ptr)
  File "/home/yre/anaconda3/envs/masterthesis/lib/python3.6/contextlib.py", line 88, in __exit__
    next(self.gen)
  File "/home/yre/anaconda3/envs/masterthesis/lib/python3.6/site-packages/dm_control/mujoco/engine.py", line 330, in check_invalid_state
    np.greater(self._warnings, self._warnings_before, out=self._new_warnings)
KeyboardInterrupt
[2021-09-10 16:29:16,797]:[cw2] [ERROR] EXCEPTION: ./slurm/DeepMindBallInCupDenseDMP-v0/log/rep_03
Traceback (most recent call last):
  File "/home/i53/student/yuhe_gong/MasterThesis/src/cw2/cw2/job.py", line 84, in run_task
    self.exp.run(c, r, self.logger)
  File "/home/i53/student/yuhe_gong/MasterThesis/src/cw2/cw2/experiment.py", line 79, in run
    res = self.iterate(cw_config, rep, n)
  File "cw2cmaes/cmaes_cw2.py", line 65, in iterate
    _, reward, __, ___ = self.env.step(solutions[i])
  File "/home/i53/student/yuhe_gong/MasterThesis/motion_primitive_env_api/mp_env_api/mp_wrappers/mp_wrapper.py", line 90, in step
    obs, rewards[t], done, info = self.env.step(actions[t, :])
  File "/home/i53/student/yuhe_gong/MasterThesis/src/alr-envs/alr_envs/dmc/ball_in_cup/ball_in_the_cup_mp_wrapper_dense.py", line 53, in step
    a, reward, done, d = super().step(action)
  File "/home/i53/student/yuhe_gong/miniconda3/envs/SimulationFramework/lib/python3.6/site-packages/gym/core.py", line 268, in step
    observation, reward, done, info = self.env.step(action)
  File "/home/i53/student/yuhe_gong/miniconda3/envs/SimulationFramework/lib/python3.6/site-packages/gym/wrappers/time_limit.py", line 16, in step
    observation, reward, done, info = self.env.step(action)
  File "/home/i53/student/yuhe_gong/MasterThesis/src/alr-envs/alr_envs/utils/dmc2gym_wrapper.py", line 160, in step
    time_step = self._env.step(action)
  File "/home/i53/student/yuhe_gong/miniconda3/envs/SimulationFramework/lib/python3.6/site-packages/dm_control/rl/control.py", line 103, in step
    self._task.after_step(self._physics)
  File "/home/i53/student/yuhe_gong/miniconda3/envs/SimulationFramework/lib/python3.6/site-packages/dm_control/suite/base.py", line 82, in after_step
    reward = np.clip(self.get_reward(physics), 0.0, 1.0)
  File "/home/i53/student/yuhe_gong/MasterThesis/src/alr-envs/alr_envs/dmc/ball_in_cup/ball_in_the_cup_mp_wrapper_dense.py", line 85, in get_reward
    cup = self.env.physics.named.data.site_xpos['cup', ['x', 'z']]
  File "/home/i53/student/yuhe_gong/miniconda3/envs/SimulationFramework/lib/python3.6/site-packages/dm_control/mujoco/index.py", line 497, in __getitem__
    return self._field[self._convert_key(key)]
  File "/home/i53/student/yuhe_gong/miniconda3/envs/SimulationFramework/lib/python3.6/site-packages/dm_control/mujoco/index.py", line 479, in _convert_key
    for axis, key_item in zip(self._axes, key))
  File "/home/i53/student/yuhe_gong/miniconda3/envs/SimulationFramework/lib/python3.6/site-packages/dm_control/mujoco/index.py", line 479, in <genexpr>
    for axis, key_item in zip(self._axes, key))
  File "/home/i53/student/yuhe_gong/miniconda3/envs/SimulationFramework/lib/python3.6/site-packages/dm_control/mujoco/index.py", line 356, in convert_key_item
    key_item = np.array(key_item, copy=False)
KeyboardInterrupt
